<?xml version="1.0" encoding="UTF-8"?>
<!-- Generated by org.testng.reporters.JUnitXMLReporter -->
<testsuite hostname="ASDP1755PO02529" ignored="0" name="Default test" tests="3" failures="0" timestamp="27 Jun 2018 13:01:34 GMT" time="16.429" errors="0">
  <testcase name="loginPageTitle" time="0.019" classname="com.hris.qa.testcases.LoginPageTest"/>
  <testcase name="logoImageTest" time="0.047" classname="com.hris.qa.testcases.LoginPageTest"/>
  <testcase name="loginTest" time="3.848" classname="com.hris.qa.testcases.LoginPageTest"/>
</testsuite> <!-- Default test -->
