<?xml version="1.0" encoding="UTF-8"?>
<testng-results skipped="0" failed="0" ignored="0" total="3" passed="3">
  <reporter-output>
  </reporter-output>
  <suite name="Default suite" duration-ms="16429" started-at="2018-06-27T13:01:17Z" finished-at="2018-06-27T13:01:34Z">
    <groups>
    </groups>
    <test name="Default test" duration-ms="16429" started-at="2018-06-27T13:01:17Z" finished-at="2018-06-27T13:01:34Z">
      <class name="com.hris.qa.testcases.LoginPageTest">
        <test-method status="PASS" signature="setup()[pri:0, instance:com.hris.qa.testcases.LoginPageTest@3e6fa38a]" name="setup" is-config="true" duration-ms="3923" started-at="2018-06-27T18:31:17Z" finished-at="2018-06-27T18:31:21Z">
          <reporter-output>
          </reporter-output>
        </test-method> <!-- setup -->
        <test-method status="PASS" signature="loginPageTitle()[pri:1, instance:com.hris.qa.testcases.LoginPageTest@3e6fa38a]" name="loginPageTitle" duration-ms="19" started-at="2018-06-27T18:31:21Z" finished-at="2018-06-27T18:31:21Z">
          <reporter-output>
          </reporter-output>
        </test-method> <!-- loginPageTitle -->
        <test-method status="PASS" signature="shut()[pri:0, instance:com.hris.qa.testcases.LoginPageTest@3e6fa38a]" name="shut" is-config="true" duration-ms="649" started-at="2018-06-27T18:31:21Z" finished-at="2018-06-27T18:31:22Z">
          <reporter-output>
          </reporter-output>
        </test-method> <!-- shut -->
        <test-method status="PASS" signature="setup()[pri:0, instance:com.hris.qa.testcases.LoginPageTest@3e6fa38a]" name="setup" is-config="true" duration-ms="3598" started-at="2018-06-27T18:31:22Z" finished-at="2018-06-27T18:31:26Z">
          <reporter-output>
          </reporter-output>
        </test-method> <!-- setup -->
        <test-method status="PASS" signature="logoImageTest()[pri:2, instance:com.hris.qa.testcases.LoginPageTest@3e6fa38a]" name="logoImageTest" duration-ms="47" started-at="2018-06-27T18:31:26Z" finished-at="2018-06-27T18:31:26Z">
          <reporter-output>
          </reporter-output>
        </test-method> <!-- logoImageTest -->
        <test-method status="PASS" signature="shut()[pri:0, instance:com.hris.qa.testcases.LoginPageTest@3e6fa38a]" name="shut" is-config="true" duration-ms="658" started-at="2018-06-27T18:31:26Z" finished-at="2018-06-27T18:31:26Z">
          <reporter-output>
          </reporter-output>
        </test-method> <!-- shut -->
        <test-method status="PASS" signature="setup()[pri:0, instance:com.hris.qa.testcases.LoginPageTest@3e6fa38a]" name="setup" is-config="true" duration-ms="2955" started-at="2018-06-27T18:31:26Z" finished-at="2018-06-27T18:31:29Z">
          <reporter-output>
          </reporter-output>
        </test-method> <!-- setup -->
        <test-method status="PASS" signature="loginTest()[pri:3, instance:com.hris.qa.testcases.LoginPageTest@3e6fa38a]" name="loginTest" duration-ms="3848" started-at="2018-06-27T18:31:29Z" finished-at="2018-06-27T18:31:33Z">
          <reporter-output>
          </reporter-output>
        </test-method> <!-- loginTest -->
        <test-method status="PASS" signature="shut()[pri:0, instance:com.hris.qa.testcases.LoginPageTest@3e6fa38a]" name="shut" is-config="true" duration-ms="711" started-at="2018-06-27T18:31:33Z" finished-at="2018-06-27T18:31:34Z">
          <reporter-output>
          </reporter-output>
        </test-method> <!-- shut -->
      </class> <!-- com.hris.qa.testcases.LoginPageTest -->
    </test> <!-- Default test -->
  </suite> <!-- Default suite -->
</testng-results>
